<?xml version="1.0" encoding="UTF-8"?>
<!-- Generated by org.testng.reporters.JUnitReportReporter -->
<testsuite hostname="NODE296" name="Automationtest.mavntest.SanityTest" tests="2" failures="0" timestamp="3 Sep 2015 08:57:41 GMT" time="3.079" errors="0">
  <testcase name="testdictonpage" time="2.853" classname="Automationtest.mavntest.SanityTest"/>
  <testcase name="verifytitle" time="0.226" classname="Automationtest.mavntest.SanityTest"/>
</testsuite> <!-- Automationtest.mavntest.SanityTest -->
