<?xml version="1.0" encoding="UTF-8"?>
<!-- Generated by org.testng.reporters.JUnitReportReporter -->
<testsuite hostname="NODE296" name="Automationtest.mavntest.SanityTest" tests="2" failures="0" timestamp="3 Sep 2015 07:19:47 GMT" time="2.670" errors="0">
  <testcase name="verifytitle" time="0.218" classname="Automationtest.mavntest.SanityTest"/>
  <testcase name="testdictonpage" time="2.452" classname="Automationtest.mavntest.SanityTest"/>
</testsuite> <!-- Automationtest.mavntest.SanityTest -->
